Feb 13 2023 12:06:32
{"type":8192,"message":"Creation of dynamic property EB\\WPNotice\\Dismiss::$do_action is deprecated","file":"C:\\xampp\\htdocs\\wordpress\\wp-content\\plugins\\essential-blocks\\includes\\wp-notice\\Dismiss.php","line":23}

Feb 13 2023 12:06:32
{"type":8192,"message":"Creation of dynamic property EB\\WPNotice\\Dismiss::$do_action is deprecated","file":"C:\\xampp\\htdocs\\wordpress\\wp-content\\plugins\\essential-blocks\\includes\\wp-notice\\Dismiss.php","line":23}

Feb 13 2023 12:06:32
{"type":8192,"message":"Creation of dynamic property EB\\WPNotice\\Dismiss::$do_action is deprecated","file":"C:\\xampp\\htdocs\\wordpress\\wp-content\\plugins\\essential-blocks\\includes\\wp-notice\\Dismiss.php","line":23}

Feb 13 2023 12:06:33
{"type":8192,"message":"Creation of dynamic property EB\\WPNotice\\Dismiss::$do_action is deprecated","file":"C:\\xampp\\htdocs\\wordpress\\wp-content\\plugins\\essential-blocks\\includes\\wp-notice\\Dismiss.php","line":23}

Feb 13 2023 12:06:33
{"Number":8192,"Message":"base64_encode(): Passing null to parameter #1 ($string) of type string is deprecated","File":"C:\\xampp\\htdocs\\wordpress\\wp-content\\plugins\\all-in-one-wp-migration\\lib\\model\\export\\class-ai1wm-export-config.php","Line":171}

Feb 13 2023 12:06:33
{"type":8192,"message":"Creation of dynamic property EB\\WPNotice\\Dismiss::$do_action is deprecated","file":"C:\\xampp\\htdocs\\wordpress\\wp-content\\plugins\\essential-blocks\\includes\\wp-notice\\Dismiss.php","line":23}

Feb 13 2023 12:06:34
{"type":8192,"message":"Creation of dynamic property EB\\WPNotice\\Dismiss::$do_action is deprecated","file":"C:\\xampp\\htdocs\\wordpress\\wp-content\\plugins\\essential-blocks\\includes\\wp-notice\\Dismiss.php","line":23}

Feb 13 2023 12:06:34
{"type":8192,"message":"Creation of dynamic property EB\\WPNotice\\Dismiss::$do_action is deprecated","file":"C:\\xampp\\htdocs\\wordpress\\wp-content\\plugins\\essential-blocks\\includes\\wp-notice\\Dismiss.php","line":23}

Feb 13 2023 12:06:35
{"type":8192,"message":"Creation of dynamic property EB\\WPNotice\\Dismiss::$do_action is deprecated","file":"C:\\xampp\\htdocs\\wordpress\\wp-content\\plugins\\essential-blocks\\includes\\wp-notice\\Dismiss.php","line":23}

Feb 13 2023 12:06:35
{"type":8192,"message":"Creation of dynamic property EB\\WPNotice\\Dismiss::$do_action is deprecated","file":"C:\\xampp\\htdocs\\wordpress\\wp-content\\plugins\\essential-blocks\\includes\\wp-notice\\Dismiss.php","line":23}

Feb 13 2023 12:06:36
{"type":8192,"message":"Creation of dynamic property EB\\WPNotice\\Dismiss::$do_action is deprecated","file":"C:\\xampp\\htdocs\\wordpress\\wp-content\\plugins\\essential-blocks\\includes\\wp-notice\\Dismiss.php","line":23}

Feb 13 2023 12:06:36
{"type":8192,"message":"Creation of dynamic property EB\\WPNotice\\Dismiss::$do_action is deprecated","file":"C:\\xampp\\htdocs\\wordpress\\wp-content\\plugins\\essential-blocks\\includes\\wp-notice\\Dismiss.php","line":23}

Feb 13 2023 12:06:37
{"type":8192,"message":"Creation of dynamic property EB\\WPNotice\\Dismiss::$do_action is deprecated","file":"C:\\xampp\\htdocs\\wordpress\\wp-content\\plugins\\essential-blocks\\includes\\wp-notice\\Dismiss.php","line":23}

Feb 13 2023 12:06:37
{"type":8192,"message":"Creation of dynamic property EB\\WPNotice\\Dismiss::$do_action is deprecated","file":"C:\\xampp\\htdocs\\wordpress\\wp-content\\plugins\\essential-blocks\\includes\\wp-notice\\Dismiss.php","line":23}

Feb 13 2023 12:06:38
{"type":8192,"message":"Creation of dynamic property EB\\WPNotice\\Dismiss::$do_action is deprecated","file":"C:\\xampp\\htdocs\\wordpress\\wp-content\\plugins\\essential-blocks\\includes\\wp-notice\\Dismiss.php","line":23}

Feb 13 2023 12:06:39
{"type":8192,"message":"Creation of dynamic property EB\\WPNotice\\Dismiss::$do_action is deprecated","file":"C:\\xampp\\htdocs\\wordpress\\wp-content\\plugins\\essential-blocks\\includes\\wp-notice\\Dismiss.php","line":23}

Feb 13 2023 12:06:43
{"type":8192,"message":"Creation of dynamic property EB\\WPNotice\\Dismiss::$do_action is deprecated","file":"C:\\xampp\\htdocs\\wordpress\\wp-content\\plugins\\essential-blocks\\includes\\wp-notice\\Dismiss.php","line":23}

Feb 13 2023 12:06:46
{"type":8192,"message":"Creation of dynamic property EB\\WPNotice\\Dismiss::$do_action is deprecated","file":"C:\\xampp\\htdocs\\wordpress\\wp-content\\plugins\\essential-blocks\\includes\\wp-notice\\Dismiss.php","line":23}

Feb 13 2023 12:06:47
{"type":8192,"message":"Creation of dynamic property EB\\WPNotice\\Dismiss::$do_action is deprecated","file":"C:\\xampp\\htdocs\\wordpress\\wp-content\\plugins\\essential-blocks\\includes\\wp-notice\\Dismiss.php","line":23}

Feb 13 2023 12:06:49
{"type":8192,"message":"Creation of dynamic property EB\\WPNotice\\Dismiss::$do_action is deprecated","file":"C:\\xampp\\htdocs\\wordpress\\wp-content\\plugins\\essential-blocks\\includes\\wp-notice\\Dismiss.php","line":23}

Feb 13 2023 12:06:50
{"type":8192,"message":"Creation of dynamic property EB\\WPNotice\\Dismiss::$do_action is deprecated","file":"C:\\xampp\\htdocs\\wordpress\\wp-content\\plugins\\essential-blocks\\includes\\wp-notice\\Dismiss.php","line":23}

Feb 13 2023 12:06:50
{"type":8192,"message":"Creation of dynamic property EB\\WPNotice\\Dismiss::$do_action is deprecated","file":"C:\\xampp\\htdocs\\wordpress\\wp-content\\plugins\\essential-blocks\\includes\\wp-notice\\Dismiss.php","line":23}

Feb 13 2023 12:06:50
{"type":8192,"message":"Creation of dynamic property EB\\WPNotice\\Dismiss::$do_action is deprecated","file":"C:\\xampp\\htdocs\\wordpress\\wp-content\\plugins\\essential-blocks\\includes\\wp-notice\\Dismiss.php","line":23}

Feb 13 2023 12:06:51
{"type":8192,"message":"Creation of dynamic property EB\\WPNotice\\Dismiss::$do_action is deprecated","file":"C:\\xampp\\htdocs\\wordpress\\wp-content\\plugins\\essential-blocks\\includes\\wp-notice\\Dismiss.php","line":23}

Feb 13 2023 12:06:51
{"type":8192,"message":"Creation of dynamic property EB\\WPNotice\\Dismiss::$do_action is deprecated","file":"C:\\xampp\\htdocs\\wordpress\\wp-content\\plugins\\essential-blocks\\includes\\wp-notice\\Dismiss.php","line":23}

Feb 13 2023 12:06:53
{"type":8192,"message":"Creation of dynamic property EB\\WPNotice\\Dismiss::$do_action is deprecated","file":"C:\\xampp\\htdocs\\wordpress\\wp-content\\plugins\\essential-blocks\\includes\\wp-notice\\Dismiss.php","line":23}

Feb 13 2023 12:06:54
{"type":8192,"message":"Creation of dynamic property EB\\WPNotice\\Dismiss::$do_action is deprecated","file":"C:\\xampp\\htdocs\\wordpress\\wp-content\\plugins\\essential-blocks\\includes\\wp-notice\\Dismiss.php","line":23}

Feb 13 2023 12:07:05
{"type":8192,"message":"Creation of dynamic property EB\\WPNotice\\Dismiss::$do_action is deprecated","file":"C:\\xampp\\htdocs\\wordpress\\wp-content\\plugins\\essential-blocks\\includes\\wp-notice\\Dismiss.php","line":23}

Feb 13 2023 12:07:08
{"type":8192,"message":"Creation of dynamic property EB\\WPNotice\\Dismiss::$do_action is deprecated","file":"C:\\xampp\\htdocs\\wordpress\\wp-content\\plugins\\essential-blocks\\includes\\wp-notice\\Dismiss.php","line":23}

Feb 13 2023 12:07:11
{"type":8192,"message":"Creation of dynamic property EB\\WPNotice\\Dismiss::$do_action is deprecated","file":"C:\\xampp\\htdocs\\wordpress\\wp-content\\plugins\\essential-blocks\\includes\\wp-notice\\Dismiss.php","line":23}

Feb 13 2023 12:07:14
{"type":8192,"message":"Creation of dynamic property EB\\WPNotice\\Dismiss::$do_action is deprecated","file":"C:\\xampp\\htdocs\\wordpress\\wp-content\\plugins\\essential-blocks\\includes\\wp-notice\\Dismiss.php","line":23}

Feb 14 2023 09:43:31
{"type":8192,"message":"Creation of dynamic property EB\\WPNotice\\Dismiss::$do_action is deprecated","file":"C:\\xampp\\htdocs\\wordpress\\wp-content\\plugins\\essential-blocks\\includes\\wp-notice\\Dismiss.php","line":23}

Feb 14 2023 09:43:32
{"type":8192,"message":"Creation of dynamic property EB\\WPNotice\\Dismiss::$do_action is deprecated","file":"C:\\xampp\\htdocs\\wordpress\\wp-content\\plugins\\essential-blocks\\includes\\wp-notice\\Dismiss.php","line":23}

Feb 14 2023 09:43:32
{"type":8192,"message":"Creation of dynamic property EB\\WPNotice\\Dismiss::$do_action is deprecated","file":"C:\\xampp\\htdocs\\wordpress\\wp-content\\plugins\\essential-blocks\\includes\\wp-notice\\Dismiss.php","line":23}

Feb 14 2023 09:43:32
{"type":8192,"message":"Creation of dynamic property EB\\WPNotice\\Dismiss::$do_action is deprecated","file":"C:\\xampp\\htdocs\\wordpress\\wp-content\\plugins\\essential-blocks\\includes\\wp-notice\\Dismiss.php","line":23}

Feb 14 2023 09:43:33
{"Number":8192,"Message":"base64_encode(): Passing null to parameter #1 ($string) of type string is deprecated","File":"C:\\xampp\\htdocs\\wordpress\\wp-content\\plugins\\all-in-one-wp-migration\\lib\\model\\export\\class-ai1wm-export-config.php","Line":171}

Feb 14 2023 09:43:33
{"type":8192,"message":"Creation of dynamic property EB\\WPNotice\\Dismiss::$do_action is deprecated","file":"C:\\xampp\\htdocs\\wordpress\\wp-content\\plugins\\essential-blocks\\includes\\wp-notice\\Dismiss.php","line":23}

Feb 14 2023 09:43:33
{"type":8192,"message":"Creation of dynamic property EB\\WPNotice\\Dismiss::$do_action is deprecated","file":"C:\\xampp\\htdocs\\wordpress\\wp-content\\plugins\\essential-blocks\\includes\\wp-notice\\Dismiss.php","line":23}

Feb 14 2023 09:43:34
{"type":8192,"message":"Creation of dynamic property EB\\WPNotice\\Dismiss::$do_action is deprecated","file":"C:\\xampp\\htdocs\\wordpress\\wp-content\\plugins\\essential-blocks\\includes\\wp-notice\\Dismiss.php","line":23}

Feb 14 2023 09:43:35
{"type":8192,"message":"Creation of dynamic property EB\\WPNotice\\Dismiss::$do_action is deprecated","file":"C:\\xampp\\htdocs\\wordpress\\wp-content\\plugins\\essential-blocks\\includes\\wp-notice\\Dismiss.php","line":23}

Feb 14 2023 09:43:35
{"type":8192,"message":"Creation of dynamic property EB\\WPNotice\\Dismiss::$do_action is deprecated","file":"C:\\xampp\\htdocs\\wordpress\\wp-content\\plugins\\essential-blocks\\includes\\wp-notice\\Dismiss.php","line":23}

Feb 14 2023 09:43:36
{"type":8192,"message":"Creation of dynamic property EB\\WPNotice\\Dismiss::$do_action is deprecated","file":"C:\\xampp\\htdocs\\wordpress\\wp-content\\plugins\\essential-blocks\\includes\\wp-notice\\Dismiss.php","line":23}

Feb 14 2023 09:43:36
{"type":8192,"message":"Creation of dynamic property EB\\WPNotice\\Dismiss::$do_action is deprecated","file":"C:\\xampp\\htdocs\\wordpress\\wp-content\\plugins\\essential-blocks\\includes\\wp-notice\\Dismiss.php","line":23}

Feb 14 2023 09:43:36
{"type":8192,"message":"Creation of dynamic property EB\\WPNotice\\Dismiss::$do_action is deprecated","file":"C:\\xampp\\htdocs\\wordpress\\wp-content\\plugins\\essential-blocks\\includes\\wp-notice\\Dismiss.php","line":23}

Feb 14 2023 09:43:37
{"type":8192,"message":"Creation of dynamic property EB\\WPNotice\\Dismiss::$do_action is deprecated","file":"C:\\xampp\\htdocs\\wordpress\\wp-content\\plugins\\essential-blocks\\includes\\wp-notice\\Dismiss.php","line":23}

Feb 14 2023 09:43:38
{"type":8192,"message":"Creation of dynamic property EB\\WPNotice\\Dismiss::$do_action is deprecated","file":"C:\\xampp\\htdocs\\wordpress\\wp-content\\plugins\\essential-blocks\\includes\\wp-notice\\Dismiss.php","line":23}

Feb 14 2023 09:43:40
{"type":8192,"message":"Creation of dynamic property EB\\WPNotice\\Dismiss::$do_action is deprecated","file":"C:\\xampp\\htdocs\\wordpress\\wp-content\\plugins\\essential-blocks\\includes\\wp-notice\\Dismiss.php","line":23}

Feb 14 2023 09:43:43
{"type":8192,"message":"Creation of dynamic property EB\\WPNotice\\Dismiss::$do_action is deprecated","file":"C:\\xampp\\htdocs\\wordpress\\wp-content\\plugins\\essential-blocks\\includes\\wp-notice\\Dismiss.php","line":23}

Feb 14 2023 09:43:47
{"type":8192,"message":"Creation of dynamic property EB\\WPNotice\\Dismiss::$do_action is deprecated","file":"C:\\xampp\\htdocs\\wordpress\\wp-content\\plugins\\essential-blocks\\includes\\wp-notice\\Dismiss.php","line":23}

Feb 14 2023 09:43:49
{"type":8192,"message":"Creation of dynamic property EB\\WPNotice\\Dismiss::$do_action is deprecated","file":"C:\\xampp\\htdocs\\wordpress\\wp-content\\plugins\\essential-blocks\\includes\\wp-notice\\Dismiss.php","line":23}

Feb 14 2023 09:43:51
{"type":8192,"message":"Creation of dynamic property EB\\WPNotice\\Dismiss::$do_action is deprecated","file":"C:\\xampp\\htdocs\\wordpress\\wp-content\\plugins\\essential-blocks\\includes\\wp-notice\\Dismiss.php","line":23}

Feb 14 2023 09:43:52
{"type":8192,"message":"Creation of dynamic property EB\\WPNotice\\Dismiss::$do_action is deprecated","file":"C:\\xampp\\htdocs\\wordpress\\wp-content\\plugins\\essential-blocks\\includes\\wp-notice\\Dismiss.php","line":23}

Feb 14 2023 09:43:54
{"Number":2,"Message":"rmdir(C:\\xampp\\htdocs\\wordpress\\wp-content\\plugins\\all-in-one-wp-migration\\storage\\mx0gt3l1ruqz): Directory not empty","File":"C:\\xampp\\htdocs\\wordpress\\wp-content\\plugins\\all-in-one-wp-migration\\lib\\vendor\\servmask\\filesystem\\class-ai1wm-directory.php","Line":72}

Feb 14 2023 09:43:54
{"type":8192,"message":"Creation of dynamic property EB\\WPNotice\\Dismiss::$do_action is deprecated","file":"C:\\xampp\\htdocs\\wordpress\\wp-content\\plugins\\essential-blocks\\includes\\wp-notice\\Dismiss.php","line":23}

Feb 14 2023 09:43:55
{"Number":2,"Message":"filesize(): stat failed for C:\\xampp\\htdocs\\wordpress\\wp-content\\plugins\\all-in-one-wp-migration\\storage\\mx0gt3l1ruqz\\localhost-wordpress-20230214-094331-epwdzx.wpress","File":"C:\\xampp\\htdocs\\wordpress\\wp-content\\plugins\\all-in-one-wp-migration\\lib\\vendor\\servmask\\archiver\\class-ai1wm-archiver.php","Line":231}

Feb 14 2023 09:43:55
{"type":8192,"message":"Creation of dynamic property EB\\WPNotice\\Dismiss::$do_action is deprecated","file":"C:\\xampp\\htdocs\\wordpress\\wp-content\\plugins\\essential-blocks\\includes\\wp-notice\\Dismiss.php","line":23}

Feb 14 2023 09:44:11
{"type":8192,"message":"Creation of dynamic property EB\\WPNotice\\Dismiss::$do_action is deprecated","file":"C:\\xampp\\htdocs\\wordpress\\wp-content\\plugins\\essential-blocks\\includes\\wp-notice\\Dismiss.php","line":23}

Feb 14 2023 09:44:12
{"type":8192,"message":"Creation of dynamic property EB\\WPNotice\\Dismiss::$do_action is deprecated","file":"C:\\xampp\\htdocs\\wordpress\\wp-content\\plugins\\essential-blocks\\includes\\wp-notice\\Dismiss.php","line":23}

Feb 14 2023 09:44:12
{"type":8192,"message":"Creation of dynamic property EB\\WPNotice\\Dismiss::$do_action is deprecated","file":"C:\\xampp\\htdocs\\wordpress\\wp-content\\plugins\\essential-blocks\\includes\\wp-notice\\Dismiss.php","line":23}

Feb 14 2023 09:44:13
{"type":8192,"message":"Creation of dynamic property EB\\WPNotice\\Dismiss::$do_action is deprecated","file":"C:\\xampp\\htdocs\\wordpress\\wp-content\\plugins\\essential-blocks\\includes\\wp-notice\\Dismiss.php","line":23}

Feb 14 2023 09:44:13
{"Number":8192,"Message":"base64_encode(): Passing null to parameter #1 ($string) of type string is deprecated","File":"C:\\xampp\\htdocs\\wordpress\\wp-content\\plugins\\all-in-one-wp-migration\\lib\\model\\export\\class-ai1wm-export-config.php","Line":171}

Feb 14 2023 09:44:13
{"type":8192,"message":"Creation of dynamic property EB\\WPNotice\\Dismiss::$do_action is deprecated","file":"C:\\xampp\\htdocs\\wordpress\\wp-content\\plugins\\essential-blocks\\includes\\wp-notice\\Dismiss.php","line":23}

Feb 14 2023 09:44:14
{"type":8192,"message":"Creation of dynamic property EB\\WPNotice\\Dismiss::$do_action is deprecated","file":"C:\\xampp\\htdocs\\wordpress\\wp-content\\plugins\\essential-blocks\\includes\\wp-notice\\Dismiss.php","line":23}

Feb 14 2023 09:44:14
{"type":8192,"message":"Creation of dynamic property EB\\WPNotice\\Dismiss::$do_action is deprecated","file":"C:\\xampp\\htdocs\\wordpress\\wp-content\\plugins\\essential-blocks\\includes\\wp-notice\\Dismiss.php","line":23}

Feb 14 2023 09:44:15
{"type":8192,"message":"Creation of dynamic property EB\\WPNotice\\Dismiss::$do_action is deprecated","file":"C:\\xampp\\htdocs\\wordpress\\wp-content\\plugins\\essential-blocks\\includes\\wp-notice\\Dismiss.php","line":23}

Feb 14 2023 09:44:15
{"type":8192,"message":"Creation of dynamic property EB\\WPNotice\\Dismiss::$do_action is deprecated","file":"C:\\xampp\\htdocs\\wordpress\\wp-content\\plugins\\essential-blocks\\includes\\wp-notice\\Dismiss.php","line":23}

Feb 14 2023 09:44:16
{"type":8192,"message":"Creation of dynamic property EB\\WPNotice\\Dismiss::$do_action is deprecated","file":"C:\\xampp\\htdocs\\wordpress\\wp-content\\plugins\\essential-blocks\\includes\\wp-notice\\Dismiss.php","line":23}

Feb 14 2023 09:44:16
{"type":8192,"message":"Creation of dynamic property EB\\WPNotice\\Dismiss::$do_action is deprecated","file":"C:\\xampp\\htdocs\\wordpress\\wp-content\\plugins\\essential-blocks\\includes\\wp-notice\\Dismiss.php","line":23}

Feb 14 2023 09:44:17
{"type":8192,"message":"Creation of dynamic property EB\\WPNotice\\Dismiss::$do_action is deprecated","file":"C:\\xampp\\htdocs\\wordpress\\wp-content\\plugins\\essential-blocks\\includes\\wp-notice\\Dismiss.php","line":23}

Feb 14 2023 09:44:18
{"type":8192,"message":"Creation of dynamic property EB\\WPNotice\\Dismiss::$do_action is deprecated","file":"C:\\xampp\\htdocs\\wordpress\\wp-content\\plugins\\essential-blocks\\includes\\wp-notice\\Dismiss.php","line":23}

Feb 14 2023 09:44:18
{"type":8192,"message":"Creation of dynamic property EB\\WPNotice\\Dismiss::$do_action is deprecated","file":"C:\\xampp\\htdocs\\wordpress\\wp-content\\plugins\\essential-blocks\\includes\\wp-notice\\Dismiss.php","line":23}

Feb 14 2023 09:44:19
{"type":8192,"message":"Creation of dynamic property EB\\WPNotice\\Dismiss::$do_action is deprecated","file":"C:\\xampp\\htdocs\\wordpress\\wp-content\\plugins\\essential-blocks\\includes\\wp-notice\\Dismiss.php","line":23}

Feb 14 2023 09:44:19
{"type":8192,"message":"Creation of dynamic property EB\\WPNotice\\Dismiss::$do_action is deprecated","file":"C:\\xampp\\htdocs\\wordpress\\wp-content\\plugins\\essential-blocks\\includes\\wp-notice\\Dismiss.php","line":23}

Feb 14 2023 09:44:20
{"type":8192,"message":"Creation of dynamic property EB\\WPNotice\\Dismiss::$do_action is deprecated","file":"C:\\xampp\\htdocs\\wordpress\\wp-content\\plugins\\essential-blocks\\includes\\wp-notice\\Dismiss.php","line":23}

Feb 14 2023 09:44:21
{"type":8192,"message":"Creation of dynamic property EB\\WPNotice\\Dismiss::$do_action is deprecated","file":"C:\\xampp\\htdocs\\wordpress\\wp-content\\plugins\\essential-blocks\\includes\\wp-notice\\Dismiss.php","line":23}

Feb 14 2023 09:44:22
{"type":8192,"message":"Creation of dynamic property EB\\WPNotice\\Dismiss::$do_action is deprecated","file":"C:\\xampp\\htdocs\\wordpress\\wp-content\\plugins\\essential-blocks\\includes\\wp-notice\\Dismiss.php","line":23}

Feb 14 2023 09:44:22
{"type":8192,"message":"Creation of dynamic property EB\\WPNotice\\Dismiss::$do_action is deprecated","file":"C:\\xampp\\htdocs\\wordpress\\wp-content\\plugins\\essential-blocks\\includes\\wp-notice\\Dismiss.php","line":23}

Feb 14 2023 09:44:23
{"type":8192,"message":"Creation of dynamic property EB\\WPNotice\\Dismiss::$do_action is deprecated","file":"C:\\xampp\\htdocs\\wordpress\\wp-content\\plugins\\essential-blocks\\includes\\wp-notice\\Dismiss.php","line":23}

Feb 14 2023 09:44:23
{"type":8192,"message":"Creation of dynamic property EB\\WPNotice\\Dismiss::$do_action is deprecated","file":"C:\\xampp\\htdocs\\wordpress\\wp-content\\plugins\\essential-blocks\\includes\\wp-notice\\Dismiss.php","line":23}

Feb 14 2023 09:44:26
{"type":8192,"message":"Creation of dynamic property EB\\WPNotice\\Dismiss::$do_action is deprecated","file":"C:\\xampp\\htdocs\\wordpress\\wp-content\\plugins\\essential-blocks\\includes\\wp-notice\\Dismiss.php","line":23}

Feb 14 2023 09:44:27
{"type":8192,"message":"Creation of dynamic property EB\\WPNotice\\Dismiss::$do_action is deprecated","file":"C:\\xampp\\htdocs\\wordpress\\wp-content\\plugins\\essential-blocks\\includes\\wp-notice\\Dismiss.php","line":23}

Feb 14 2023 09:53:58
{"type":8192,"message":"Creation of dynamic property EB\\WPNotice\\Dismiss::$do_action is deprecated","file":"C:\\xampp\\htdocs\\wordpress\\wp-content\\plugins\\essential-blocks\\includes\\wp-notice\\Dismiss.php","line":23}

Feb 14 2023 09:53:59
{"type":8192,"message":"Creation of dynamic property EB\\WPNotice\\Dismiss::$do_action is deprecated","file":"C:\\xampp\\htdocs\\wordpress\\wp-content\\plugins\\essential-blocks\\includes\\wp-notice\\Dismiss.php","line":23}

Feb 14 2023 09:54:00
{"type":8192,"message":"Creation of dynamic property EB\\WPNotice\\Dismiss::$do_action is deprecated","file":"C:\\xampp\\htdocs\\wordpress\\wp-content\\plugins\\essential-blocks\\includes\\wp-notice\\Dismiss.php","line":23}

Feb 14 2023 09:54:00
{"type":8192,"message":"Creation of dynamic property EB\\WPNotice\\Dismiss::$do_action is deprecated","file":"C:\\xampp\\htdocs\\wordpress\\wp-content\\plugins\\essential-blocks\\includes\\wp-notice\\Dismiss.php","line":23}

Feb 14 2023 09:54:00
{"type":8192,"message":"Creation of dynamic property EB\\WPNotice\\Dismiss::$do_action is deprecated","file":"C:\\xampp\\htdocs\\wordpress\\wp-content\\plugins\\essential-blocks\\includes\\wp-notice\\Dismiss.php","line":23}

Feb 14 2023 09:54:01
{"Number":8192,"Message":"base64_encode(): Passing null to parameter #1 ($string) of type string is deprecated","File":"C:\\xampp\\htdocs\\wordpress\\wp-content\\plugins\\all-in-one-wp-migration\\lib\\model\\export\\class-ai1wm-export-config.php","Line":171}

Feb 14 2023 09:54:01
{"type":8192,"message":"Creation of dynamic property EB\\WPNotice\\Dismiss::$do_action is deprecated","file":"C:\\xampp\\htdocs\\wordpress\\wp-content\\plugins\\essential-blocks\\includes\\wp-notice\\Dismiss.php","line":23}

Feb 14 2023 09:54:01
{"type":8192,"message":"Creation of dynamic property EB\\WPNotice\\Dismiss::$do_action is deprecated","file":"C:\\xampp\\htdocs\\wordpress\\wp-content\\plugins\\essential-blocks\\includes\\wp-notice\\Dismiss.php","line":23}

Feb 14 2023 09:54:02
{"type":8192,"message":"Creation of dynamic property EB\\WPNotice\\Dismiss::$do_action is deprecated","file":"C:\\xampp\\htdocs\\wordpress\\wp-content\\plugins\\essential-blocks\\includes\\wp-notice\\Dismiss.php","line":23}

Feb 14 2023 09:54:03
{"type":8192,"message":"Creation of dynamic property EB\\WPNotice\\Dismiss::$do_action is deprecated","file":"C:\\xampp\\htdocs\\wordpress\\wp-content\\plugins\\essential-blocks\\includes\\wp-notice\\Dismiss.php","line":23}

Feb 14 2023 09:54:04
{"type":8192,"message":"Creation of dynamic property EB\\WPNotice\\Dismiss::$do_action is deprecated","file":"C:\\xampp\\htdocs\\wordpress\\wp-content\\plugins\\essential-blocks\\includes\\wp-notice\\Dismiss.php","line":23}

Feb 14 2023 09:54:04
{"type":8192,"message":"Creation of dynamic property EB\\WPNotice\\Dismiss::$do_action is deprecated","file":"C:\\xampp\\htdocs\\wordpress\\wp-content\\plugins\\essential-blocks\\includes\\wp-notice\\Dismiss.php","line":23}

Feb 14 2023 09:54:04
{"type":8192,"message":"Creation of dynamic property EB\\WPNotice\\Dismiss::$do_action is deprecated","file":"C:\\xampp\\htdocs\\wordpress\\wp-content\\plugins\\essential-blocks\\includes\\wp-notice\\Dismiss.php","line":23}

Feb 14 2023 09:54:05
{"type":8192,"message":"Creation of dynamic property EB\\WPNotice\\Dismiss::$do_action is deprecated","file":"C:\\xampp\\htdocs\\wordpress\\wp-content\\plugins\\essential-blocks\\includes\\wp-notice\\Dismiss.php","line":23}

Feb 14 2023 09:54:06
{"type":8192,"message":"Creation of dynamic property EB\\WPNotice\\Dismiss::$do_action is deprecated","file":"C:\\xampp\\htdocs\\wordpress\\wp-content\\plugins\\essential-blocks\\includes\\wp-notice\\Dismiss.php","line":23}

Feb 14 2023 09:54:06
{"type":8192,"message":"Creation of dynamic property EB\\WPNotice\\Dismiss::$do_action is deprecated","file":"C:\\xampp\\htdocs\\wordpress\\wp-content\\plugins\\essential-blocks\\includes\\wp-notice\\Dismiss.php","line":23}

Feb 14 2023 09:54:07
{"type":8192,"message":"Creation of dynamic property EB\\WPNotice\\Dismiss::$do_action is deprecated","file":"C:\\xampp\\htdocs\\wordpress\\wp-content\\plugins\\essential-blocks\\includes\\wp-notice\\Dismiss.php","line":23}

Feb 14 2023 09:54:08
{"type":8192,"message":"Creation of dynamic property EB\\WPNotice\\Dismiss::$do_action is deprecated","file":"C:\\xampp\\htdocs\\wordpress\\wp-content\\plugins\\essential-blocks\\includes\\wp-notice\\Dismiss.php","line":23}

Feb 14 2023 09:54:08
{"type":8192,"message":"Creation of dynamic property EB\\WPNotice\\Dismiss::$do_action is deprecated","file":"C:\\xampp\\htdocs\\wordpress\\wp-content\\plugins\\essential-blocks\\includes\\wp-notice\\Dismiss.php","line":23}

Feb 14 2023 09:54:09
{"type":8192,"message":"Creation of dynamic property EB\\WPNotice\\Dismiss::$do_action is deprecated","file":"C:\\xampp\\htdocs\\wordpress\\wp-content\\plugins\\essential-blocks\\includes\\wp-notice\\Dismiss.php","line":23}

Feb 14 2023 09:54:11
{"type":8192,"message":"Creation of dynamic property EB\\WPNotice\\Dismiss::$do_action is deprecated","file":"C:\\xampp\\htdocs\\wordpress\\wp-content\\plugins\\essential-blocks\\includes\\wp-notice\\Dismiss.php","line":23}

Feb 14 2023 09:54:11
{"type":8192,"message":"Creation of dynamic property EB\\WPNotice\\Dismiss::$do_action is deprecated","file":"C:\\xampp\\htdocs\\wordpress\\wp-content\\plugins\\essential-blocks\\includes\\wp-notice\\Dismiss.php","line":23}

Feb 14 2023 09:54:11
{"type":8192,"message":"Creation of dynamic property EB\\WPNotice\\Dismiss::$do_action is deprecated","file":"C:\\xampp\\htdocs\\wordpress\\wp-content\\plugins\\essential-blocks\\includes\\wp-notice\\Dismiss.php","line":23}

Feb 14 2023 09:54:12
{"type":8192,"message":"Creation of dynamic property EB\\WPNotice\\Dismiss::$do_action is deprecated","file":"C:\\xampp\\htdocs\\wordpress\\wp-content\\plugins\\essential-blocks\\includes\\wp-notice\\Dismiss.php","line":23}

Feb 14 2023 09:54:14
{"type":8192,"message":"Creation of dynamic property EB\\WPNotice\\Dismiss::$do_action is deprecated","file":"C:\\xampp\\htdocs\\wordpress\\wp-content\\plugins\\essential-blocks\\includes\\wp-notice\\Dismiss.php","line":23}

Feb 14 2023 09:54:15
{"type":8192,"message":"Creation of dynamic property EB\\WPNotice\\Dismiss::$do_action is deprecated","file":"C:\\xampp\\htdocs\\wordpress\\wp-content\\plugins\\essential-blocks\\includes\\wp-notice\\Dismiss.php","line":23}

